<?xml version="1.0" encoding="UTF-8"?>
<!-- Generated by org.testng.reporters.JUnitReportReporter -->
<testsuite hostname="DESKTOP-GC6KELD" failures="0" tests="3" name="Pack1.ContactTest" time="0.013" errors="0" timestamp="2024-07-24T12:03:50 IST" skipped="0">
  <testcase classname="Pack1.ContactTest" name="createcontactTest" time="0.011"/>
  <testcase classname="Pack1.ContactTest" name="deletecontactTest" time="0.001"/>
  <testcase classname="Pack1.ContactTest" name="modifycontactTest" time="0.001"/>
</testsuite> <!-- Pack1.ContactTest -->
