<?xml version="1.0" encoding="UTF-8"?>
<!-- Generated by org.testng.reporters.JUnitReportReporter -->
<testsuite hostname="DESKTOP-GC6KELD" failures="0" tests="2" name="Pack2.OrgTest" time="0.024" errors="0" timestamp="2024-07-24T12:03:09 IST" skipped="0">
  <testcase classname="Pack2.OrgTest" name="createorgTest" time="0.021"/>
  <system-out/>
  <testcase classname="Pack2.OrgTest" name="modifyorgTest" time="0.003"/>
  <system-out/>
</testsuite> <!-- Pack2.OrgTest -->
