<?xml version="1.0" encoding="UTF-8"?>
<!-- Generated by org.testng.reporters.JUnitReportReporter -->
<testsuite hostname="DESKTOP-GC6KELD" failures="0" tests="2" name="Pack1.ContactTest" time="8.693" errors="0" timestamp="2024-07-19T11:21:53 IST" skipped="0">
  <testcase classname="Pack1.ContactTest" name="modifycontactTest" time="0.011"/>
  <system-out/>
  <testcase classname="Pack1.ContactTest" name="createcontactTest" time="8.682"/>
  <system-out/>
</testsuite> <!-- Pack1.ContactTest -->
